  FoxVerb.cpp
E:\FoxSuite\fox-suite-projects\FoxVerb\FoxVerb.h(19,1): warning C4005: 'NUM_ALLPASS_FILTERS_OUT': ridefinizione macro
E:\FoxSuite\fox-suite-blocks\include\Freeverb.h(4): message : vedere la precedente definizione di 'NUM_ALLPASS_FILTERS_OUT'
E:\FoxSuite\fox-suite-projects\FoxVerb\FoxVerb.h(20,1): warning C4005: 'MAX_LPF_FREQUENCY': ridefinizione macro
E:\FoxSuite\fox-suite-blocks\include\Freeverb.h(5): message : vedere la precedente definizione di 'MAX_LPF_FREQUENCY'
E:\FoxSuite\fox-suite-projects\FoxVerb\FoxVerb.h(58,41): warning C4244: 'inizializzazione': conversione da 'double' a 'const float'. Possibile perdita di dati.
E:\FoxSuite\fox-suite-projects\FoxVerb\FoxVerb.h(59,41): warning C4244: 'inizializzazione': conversione da 'double' a 'const float'. Possibile perdita di dati.
E:\FoxSuite\fox-suite-projects\FoxVerb\FoxVerb.h(60,41): warning C4244: 'inizializzazione': conversione da 'double' a 'const float'. Possibile perdita di dati.
E:\FoxSuite\fox-suite-projects\FoxVerb\FoxVerb.h(61,41): warning C4244: 'inizializzazione': conversione da 'double' a 'const float'. Possibile perdita di dati.
E:\FoxSuite\fox-suite-projects\FoxVerb\FoxVerb.cpp(57,24): warning C4244: 'inizializzazione': conversione da 'float' a 'int'. Possibile perdita di dati.
E:\FoxSuite\fox-suite-projects\FoxVerb\FoxVerb.cpp(98,27): warning C4244: 'argomento': conversione da 'float' a 'int'. Possibile perdita di dati.
E:\FoxSuite\fox-suite-projects\FoxVerb\FoxVerb.cpp(99,28): warning C4244: 'argomento': conversione da 'float' a 'int'. Possibile perdita di dati.
E:\FoxSuite\fox-suite-projects\FoxVerb\FoxVerb.cpp(100,30): warning C4244: 'argomento': conversione da 'float' a 'int'. Possibile perdita di dati.
E:\FoxSuite\fox-suite-projects\FoxVerb\FoxVerb.cpp(101,30): warning C4244: 'argomento': conversione da 'float' a 'int'. Possibile perdita di dati.
E:\FoxSuite\fox-suite-projects\FoxVerb\FoxVerb.cpp(278,27): warning C4244: '=': conversione da 'double' a 'float'. Possibile perdita di dati.
E:\FoxSuite\fox-suite-projects\FoxVerb\FoxVerb.cpp(291,56): warning C4244: 'argomento': conversione da 'double' a 'float'. Possibile perdita di dati.
E:\FoxSuite\fox-suite-projects\FoxVerb\FoxVerb.cpp(297,26): warning C4244: '=': conversione da 'double' a 'float'. Possibile perdita di dati.
E:\FoxSuite\fox-suite-projects\FoxVerb\FoxVerb.cpp(303,26): warning C4244: '=': conversione da 'double' a 'float'. Possibile perdita di dati.
E:\FoxSuite\fox-suite-projects\FoxVerb\FoxVerb.cpp(309,30): warning C4244: '=': conversione da 'double' a 'float'. Possibile perdita di dati.
E:\FoxSuite\fox-suite-projects\FoxVerb\FoxVerb.cpp(368,27): warning C4244: '=': conversione da 'double' a 'float'. Possibile perdita di dati.
E:\FoxSuite\fox-suite-projects\FoxVerb\FoxVerb.cpp(383,41): warning C4244: 'argomento': conversione da 'double' a 'float'. Possibile perdita di dati.
E:\FoxSuite\fox-suite-projects\FoxVerb\FoxVerb.cpp(388,41): warning C4244: 'argomento': conversione da 'double' a 'float'. Possibile perdita di dati.
E:\FoxSuite\fox-suite-projects\FoxVerb\FoxVerb.cpp(393,30): warning C4244: '=': conversione da 'double' a 'float'. Possibile perdita di dati.
E:\FoxSuite\fox-suite-projects\FoxVerb\FoxVerb.cpp(554,45): warning C4244: 'argomento': conversione da 'double' a 'float'. Possibile perdita di dati.
E:\FoxSuite\fox-suite-projects\FoxVerb\FoxVerb.cpp(559,51): warning C4244: 'argomento': conversione da 'double' a 'float'. Possibile perdita di dati.
E:\FoxSuite\fox-suite-projects\FoxVerb\FoxVerb.cpp(560,57): warning C4244: 'argomento': conversione da 'double' a 'float'. Possibile perdita di dati.
E:\FoxSuite\fox-suite-projects\FoxVerb\FoxVerb.cpp(561,57): warning C4244: 'argomento': conversione da 'double' a 'float'. Possibile perdita di dati.
     Creazione della libreria E:\FoxSuite\fox-suite-projects\FoxVerb\x64\Debug\FoxVerb.lib e dell'oggetto E:\FoxSuite\fox-suite-projects\FoxVerb\x64\Debug\FoxVerb.exp
  Generazione codice in corso...
  0 of 287 functions ( 0.0%) were compiled, the rest were copied from previous compilation.
    0 functions were new in current compilation
    0 functions had inline decision re-evaluated but remain unchanged
  Generazione codice terminata
  FoxVerb.vcxproj -> E:\FoxSuite\fox-suite-projects\FoxVerb\x64\Debug\FoxVerb.dll
